Hello World
Hello World
Hello World
Hello World
Hello World
Hello World
Hello World --- Tue Jun 21 14:20:25 EDT 2011
Hello World --- Tue Jun 21 14:20:25 EDT 2011
Hello World --- Tue Jun 21 14:23:57 EDT 2011
Hello World --- Tue Jun 21 14:24:10 EDT 2011
Hello World --- Tue Jun 21 14:36:32 EDT 2011
Hello World --- Tue Jun 21 14:36:32 EDT 2011
Hello World --- sdf  --- Tue Jun 21 14:38:16 EDT 2011
Hello World --- sdf1  --- Tue Jun 21 14:38:16 EDT 2011
Hello World --- sdf  --- Tue Jun 21 14:40:58 EDT 2011
Hello World --- sdf  --- Tue Jun 21 14:51:20 EDT 2011
Hello World ---   --- Tue Jun 21 14:54:14 EDT 2011
Hello World --- sdf localcosadmin --- Tue Jun 21 14:54:54 EDT 2011
Hello World ---  localcosadmin
localcosadmin --- Tue Jun 21 15:21:31 EDT 2011
Hello World ---  localcosadmin
localcosadmin --- Tue Jun 21 15:22:06 EDT 2011
Hello World ---  localcosadmin --- Tue Jun 21 15:23:07 EDT 2011
Hello World ---  localcosadmin --- Tue Jun 21 15:26:57 EDT 2011
Hello World ---  localcosadmin --- Tue Jun 21 15:27:13 EDT 2011
Hello World ---  localcosadmin --- Tue Jun 21 15:28:01 EDT 2011
Hello World ---  localcosadmin --- Tue Jun 21 15:32:02 EDT 2011
Hello World ---  localcosadmin --- Tue Jun 21 15:32:52 EDT 2011
Hello World ---  localcosadmin --- Tue Jun 21 15:34:06 EDT 2011
Hello World ---  localcosadmin --- Tue Jun 21 15:34:52 EDT 2011
Hello World ---  localcosadmin --- Tue Jun 21 15:35:42 EDT 2011
Hello World ---  localcosadmin --- Tue Jun 21 15:36:58 EDT 2011
Hello World ---  localcosadmin --- Tue Jun 21 15:38:44 EDT 2011
Hello World ---  localcosadmin --- Tue Jun 21 15:41:27 EDT 2011
Hello World ---  localcosadmin --- Tue Jun 21 15:43:40 EDT 2011
Hello World ---  localcosadmin --- Tue Jun 21 15:44:17 EDT 2011
Hello World ---  localcosadmin --- Tue Jun 21 15:45:15 EDT 2011
Hello World ---  localcosadmin --- Tue Jun 21 15:46:53 EDT 2011
Hello World ---  localcosadmin --- Tue Jun 21 15:51:10 EDT 2011
Hello World ---  localcosadmin --- Tue Jun 21 15:51:40 EDT 2011
Hello World ---  localcosadmin --- Tue Jun 21 15:59:48 EDT 2011
Hello World ---  localcosadmin --- Tue Jun 21 16:00:19 EDT 2011
Hello World ---  localcosadmin --- Tue Jun 21 16:02:00 EDT 2011
Hello World ---  localcosadmin --- Tue Jun 21 16:05:43 EDT 2011
Hello World ---  localcosadmin --- Tue Jun 21 16:13:44 EDT 2011
Hello World ---  localcosadmin --- Tue Jun 21 16:16:17 EDT 2011
Hello World ---  localcosadmin --- Tue Jun 21 16:18:12 EDT 2011
Hello World ---  localcosadmin --- Tue Jun 21 16:19:12 EDT 2011
Hello World ---  localcosadmin --- Tue Jun 21 16:19:56 EDT 2011
Hello World ---  localcosadmin --- Tue Jun 21 16:23:34 EDT 2011
Hello World ---  localcosadmin --- Tue Jun 21 16:24:27 EDT 2011
Hello World ---  localcosadmin --- Tue Jun 21 16:44:33 EDT 2011
Hello World ---  localcosadmin --- Tue Jun 21 16:45:31 EDT 2011
Hello World ---  localcosadmin --- Tue Jun 21 16:46:50 EDT 2011
Hello World ---  localcosadmin --- Tue Jun 21 16:47:57 EDT 2011
Hello World ---  localcosadmin --- Tue Jun 21 16:49:07 EDT 2011
Hello World ---  localcosadmin --- Tue Jun 21 16:50:28 EDT 2011
Hello World ---  localcosadmin --- Tue Jun 21 16:52:41 EDT 2011
Hello World ---  localcosadmin --- Tue Jun 21 16:54:14 EDT 2011
Hello World ---  localcosadmin --- Tue Jun 21 17:01:04 EDT 2011
Goodbye World ---  localcosadmin --- Tue Jun 21 17:01:46 EDT 2011
Hello World ---  localcosadmin --- Tue Jun 21 17:02:15 EDT 2011
Goodbye World ---  localcosadmin --- Tue Jun 21 17:02:57 EDT 2011
Hello World --- sdf @ localcosadmin --- Wed Jun 22 09:20:47 EDT 2011
Goodbye World --- sdf @ localcosadmin --- Wed Jun 22 09:20:53 EDT 2011
Hello World --- sdf @ localcosadmin --- Wed Jun 22 09:22:03 EDT 2011
Goodbye World --- sdf @ localcosadmin --- Wed Jun 22 09:26:15 EDT 2011
Hello World --- sdf @ localcosadmin --- Wed Jun 22 09:26:30 EDT 2011
Goodbye World --- sdf @ localcosadmin --- Wed Jun 22 09:26:34 EDT 2011
Hello World --- sdf @ localcosadmin --- Wed Jun 22 09:26:46 EDT 2011
Goodbye World --- sdf @ localcosadmin --- Wed Jun 22 09:26:47 EDT 2011
Hello World --- sdf @ localcosadmin --- Wed Jun 22 09:37:46 EDT 2011
Goodbye World --- sdf @ localcosadmin --- Wed Jun 22 09:37:51 EDT 2011
Hello World --- sdf @ localcosadmin --- Wed Jun 22 09:41:51 EDT 2011
Goodbye World --- sdf @ localcosadmin --- Wed Jun 22 09:41:57 EDT 2011
Hello World --- sdf @ localcosadmin --- Wed Jun 22 09:42:33 EDT 2011
Goodbye World --- sdf @ localcosadmin --- Wed Jun 22 09:42:33 EDT 2011
Hello World --- sdf @ localcosadmin --- Wed Jun 22 09:43:27 EDT 2011
Goodbye World --- sdf @ localcosadmin --- Wed Jun 22 09:43:27 EDT 2011
Hello World --- sdf @ localcosadmin --- Wed Jun 22 09:44:12 EDT 2011
Goodbye World --- sdf @ localcosadmin --- Wed Jun 22 09:44:12 EDT 2011
Hello World --- sdf @ localcosadmin :  --- Wed Jun 22 09:54:26 EDT 2011
Goodbye World --- sdf @ localcosadmin --- Wed Jun 22 09:54:26 EDT 2011
Hello World --- sdf @ localcosadmin : 123 --- Wed Jun 22 09:55:14 EDT 2011
Goodbye World --- sdf @ localcosadmin --- Wed Jun 22 09:55:26 EDT 2011
Hello World --- sdf @ localcosadmin : michael --- Wed Jun 22 10:14:44 EDT 2011
Goodbye World --- sdf @ localcosadmin --- Wed Jun 22 10:15:04 EDT 2011
Hello World --- sdf @ localcosadmin : sam --- Wed Jun 22 10:17:33 EDT 2011
Goodbye World --- sdf @ localcosadmin --- Wed Jun 22 10:17:43 EDT 2011
Hello World --- sdf @ localcosadmin : bob --- Wed Jun 22 10:18:24 EDT 2011
Goodbye World --- sdf @ localcosadmin --- Wed Jun 22 10:18:32 EDT 2011
Hello World --- sdf @ localcosadmin : bob --- Wed Jun 22 10:20:44 EDT 2011
Goodbye World --- sdf @ localcosadmin --- Wed Jun 22 10:21:01 EDT 2011
Hello World --- sdf @ localcosadmin : sam --- Wed Jun 22 10:21:16 EDT 2011
Goodbye World --- sdf @ localcosadmin --- Wed Jun 22 10:21:26 EDT 2011
Hello World --- sdf @ localcosadmin : sam --- Wed Jun 22 10:29:30 EDT 2011
Goodbye World --- sdf @ localcosadmin --- Wed Jun 22 10:29:41 EDT 2011
Hello World --- sdf @ localcosadmin : bob --- Wed Jun 22 10:30:58 EDT 2011
Goodbye World --- sdf @ localcosadmin --- Wed Jun 22 10:31:20 EDT 2011
Hello World --- sdf @ localcosadmin : frank --- Wed Jun 22 10:31:31 EDT 2011
Goodbye World --- sdf @ localcosadmin --- Wed Jun 22 10:32:04 EDT 2011
Hello World --- sdf @ localcosadmin : frank --- Wed Jun 22 10:32:15 EDT 2011
Goodbye World --- sdf @ localcosadmin --- Wed Jun 22 10:32:45 EDT 2011
Hello World --- sdf @ localcosadmin : charlie --- Wed Jun 22 10:32:53 EDT 2011
Goodbye World --- sdf @ localcosadmin --- Wed Jun 22 10:33:55 EDT 2011
Hello World --- sdf @ localcosadmin :  --- Wed Jun 22 10:34:05 EDT 2011
Goodbye World --- sdf @ localcosadmin --- Wed Jun 22 10:34:22 EDT 2011
Hello World --- sdf @ localcosadmin :  --- Wed Jun 22 10:34:56 EDT 2011
Goodbye World --- sdf @ localcosadmin --- Wed Jun 22 10:35:25 EDT 2011
Hello World --- sdf @ localcosadmin :  --- Wed Jun 22 10:38:10 EDT 2011
Goodbye World --- sdf @ localcosadmin --- Wed Jun 22 10:38:30 EDT 2011
Hello World --- sdf @ localcosadmin : bob --- Wed Jun 22 10:38:53 EDT 2011
Goodbye World --- sdf @ localcosadmin --- Wed Jun 22 10:39:02 EDT 2011
Hello World --- sdf @ localcosadmin : bob --- Wed Jun 22 10:39:16 EDT 2011
Goodbye World --- sdf @ localcosadmin --- Wed Jun 22 10:39:22 EDT 2011
Goodbye World --- sdf @ localcosadmin --- Wed Jun 22 10:51:12 EDT 2011
Hello World --- sdf @ localcosadmin : sammy --- Wed Jun 22 10:52:25 EDT 2011
Goodbye World --- sdf @ localcosadmin --- Wed Jun 22 10:52:32 EDT 2011
Goodbye World --- sdf @ localcosadmin --- Wed Jun 22 10:55:14 EDT 2011
Hello World --- sdf @ localcosadmin : smack --- Wed Jun 22 10:55:29 EDT 2011
Goodbye World --- sdf @ localcosadmin --- Wed Jun 22 10:55:35 EDT 2011
Hello World --- sdf @ localcosadmin : dole --- Wed Jun 22 10:55:52 EDT 2011
Goodbye World --- sdf @ localcosadmin --- Wed Jun 22 10:55:58 EDT 2011
Hello World --- sdf @ localcosadmin : bobie --- Wed Jun 22 10:56:16 EDT 2011
Goodbye World --- sdf @ localcosadmin --- Wed Jun 22 10:56:26 EDT 2011
Hello World --- sdf @ localcosadmin : harry --- Wed Jun 22 11:02:36 EDT 2011
Goodbye World --- sdf @ localcosadmin --- Wed Jun 22 11:04:29 EDT 2011
Goodbye World --- sdf @ localcosadmin --- Wed Jun 22 11:17:47 EDT 2011
Goodbye World --- sdf @ localcosadmin --- Wed Jun 22 11:18:02 EDT 2011
Goodbye World --- sdf @ localcosadmin --- Wed Jun 22 11:18:42 EDT 2011
Goodbye World --- sdf @ localcosadmin --- Wed Jun 22 11:21:56 EDT 2011
Hello World --- sdf @ localcosadmin : sammy --- Wed Jun 22 11:22:14 EDT 2011
Goodbye World --- sdf @ localcosadmin --- Wed Jun 22 11:22:22 EDT 2011
Hello World --- sdf @ localcosadmin : mark --- Wed Jun 22 11:22:38 EDT 2011
Goodbye World --- sdf @ localcosadmin --- Wed Jun 22 11:23:30 EDT 2011
Hello World --- sdf @ localcosadmin : weston --- Wed Jun 22 11:25:18 EDT 2011
Goodbye World --- sdf @ localcosadmin --- Wed Jun 22 11:27:16 EDT 2011
Hello World --- sdf @ localcosadmin : jj --- Wed Jun 22 11:27:37 EDT 2011
Goodbye World --- sdf @ localcosadmin --- Wed Jun 22 11:28:19 EDT 2011
Goodbye World --- sdf @ localcosadmin --- Wed Jun 22 11:29:04 EDT 2011
Goodbye World --- sdf @ localcosadmin --- Wed Jun 22 11:29:47 EDT 2011
Goodbye World --- sdf @ localcosadmin --- Wed Jun 22 11:29:58 EDT 2011
Hello World --- sdf @ localcosadmin : now --- Wed Jun 22 11:30:17 EDT 2011
Goodbye World --- sdf @ localcosadmin --- Wed Jun 22 11:30:24 EDT 2011
Hello World --- sdf @ localcosadmin : jaret --- Wed Jun 22 11:31:07 EDT 2011
Hello World --- sdg @ localcosadmin : bob --- Wed Jun 22 11:32:05 EDT 2011
Goodbye World --- sdg @ localcosadmin --- Wed Jun 22 11:39:39 EDT 2011
Goodbye World --- sdf @ localcosadmin --- Wed Jun 22 11:40:22 EDT 2011
Hello World --- sdf @ localcosadmin : sam --- Wed Jun 22 11:40:57 EDT 2011
Goodbye World --- sdf @ localcosadmin --- Wed Jun 22 11:47:50 EDT 2011
Hello World --- sdf @ localcosadmin : none --- Wed Jun 22 11:48:07 EDT 2011
Goodbye World --- sdf @ localcosadmin --- Wed Jun 22 11:49:47 EDT 2011
Hello World --- sdf @ localcosadmin : master --- Wed Jun 22 11:50:04 EDT 2011
Goodbye World --- sdf @ localcosadmin --- Wed Jun 22 11:51:32 EDT 2011
Hello World --- sdf @ localcosadmin : nuke --- Wed Jun 22 11:51:47 EDT 2011
Goodbye World --- sdf @ localcosadmin --- Wed Jun 22 11:52:33 EDT 2011
Hello World --- sdf @ localcosadmin : moni --- Wed Jun 22 11:52:55 EDT 2011
Goodbye World --- sdf @ localcosadmin --- Wed Jun 22 11:53:42 EDT 2011
Hello World --- sdf @ localcosadmin : grrr --- Wed Jun 22 11:54:01 EDT 2011
Goodbye World --- sdf @ localcosadmin --- Wed Jun 22 11:54:44 EDT 2011
Hello World --- sdf @ localcosadmin : tada --- Wed Jun 22 11:54:57 EDT 2011
Goodbye World --- sdf @ localcosadmin --- Wed Jun 22 11:55:07 EDT 2011
Hello World --- sdf @ localcosadmin : sam --- Wed Jun 22 11:55:41 EDT 2011
Goodbye World --- sdf @ localcosadmin --- Wed Jun 22 11:56:34 EDT 2011
Hello World --- sdf @ localcosadmin : mike --- Wed Jun 22 11:56:48 EDT 2011
Goodbye World --- sdf @ localcosadmin --- Wed Jun 22 11:57:51 EDT 2011
Hello World --- sdf @ localcosadmin : ddd --- Wed Jun 22 11:58:06 EDT 2011
Goodbye World --- sdf @ localcosadmin --- Wed Jun 22 11:58:39 EDT 2011
Hello World --- sdf @ localcosadmin : net --- Wed Jun 22 11:59:38 EDT 2011
Goodbye World --- sdf @ localcosadmin --- Wed Jun 22 11:59:51 EDT 2011
Hello World --- sdf @ localcosadmin : fab --- Wed Jun 22 12:00:12 EDT 2011
Goodbye World --- sdf @ localcosadmin --- Wed Jun 22 12:00:35 EDT 2011
Hello World --- sdf @ localcosadmin : bob --- Wed Jun 22 12:06:35 EDT 2011
Goodbye World --- sdf @ localcosadmin --- Wed Jun 22 12:12:03 EDT 2011
Hello World --- sdf @ localcosadmin : net --- Wed Jun 22 12:12:20 EDT 2011
Goodbye World --- sdf @ localcosadmin --- Wed Jun 22 12:23:49 EDT 2011
Hello World --- sdf @ localcosadmin : net2 --- Wed Jun 22 12:24:59 EDT 2011
Goodbye World --- sdf @ localcosadmin --- Wed Jun 22 12:27:21 EDT 2011
Hello World --- sdf @ localcosadmin : net3 --- Wed Jun 22 12:27:36 EDT 2011
Goodbye World --- sdf @ localcosadmin --- Wed Jun 22 12:29:08 EDT 2011
Hello World --- sdf @ localcosadmin : net4 --- Wed Jun 22 12:29:22 EDT 2011
Goodbye World --- sdf @ localcosadmin --- Wed Jun 22 12:30:34 EDT 2011
Hello World --- sdf @ localcosadmin : net5 --- Wed Jun 22 12:30:49 EDT 2011
Goodbye World --- sdf @ localcosadmin --- Wed Jun 22 12:32:20 EDT 2011
Hello World --- sdf @ localcosadmin : sammy --- Wed Jun 22 12:32:35 EDT 2011
Goodbye World --- sdf @ localcosadmin --- Wed Jun 22 12:35:24 EDT 2011
Hello World --- sdf @ localcosadmin : spaces --- Wed Jun 22 12:35:57 EDT 2011
Goodbye World --- sdf @ localcosadmin --- Wed Jun 22 12:39:12 EDT 2011
Hello World --- sdf @ localcosadmin :  --- Wed Jun 22 12:39:33 EDT 2011
Goodbye World --- sdf @ localcosadmin --- Wed Jun 22 12:45:55 EDT 2011
Hello World --- sdf @ localcosadmin : wala --- Wed Jun 22 12:46:10 EDT 2011
Goodbye World --- sdf @ localcosadmin --- Wed Jun 22 12:46:30 EDT 2011
Hello World --- sdf @ localcosadmin : hey --- Wed Jun 22 12:49:17 EDT 2011
Goodbye World --- sdf @ localcosadmin --- Wed Jun 22 12:50:50 EDT 2011
Hello World --- sdf @ localcosadmin : crap --- Wed Jun 22 12:51:04 EDT 2011
Goodbye World --- sdf @ localcosadmin --- Wed Jun 22 12:51:48 EDT 2011
Hello World --- sdf @ localcosadmin : ini --- Wed Jun 22 12:52:03 EDT 2011
Goodbye World --- sdf @ localcosadmin --- Wed Jun 22 12:57:54 EDT 2011
Hello World --- sdf @ localcosadmin : mondo --- Wed Jun 22 12:58:07 EDT 2011
Goodbye World --- sdf @ localcosadmin --- Wed Jun 22 12:59:54 EDT 2011
Hello World --- sdf @ localcosadmin : grrr --- Wed Jun 22 13:00:26 EDT 2011
Goodbye World --- sdf @ localcosadmin --- Wed Jun 22 13:01:30 EDT 2011
Hello World --- sdf @ localcosadmin : grandmon --- Wed Jun 22 13:01:49 EDT 2011
Goodbye World --- sdf @ localcosadmin --- Wed Jun 22 13:09:20 EDT 2011
Hello World --- sdf @ localcosadmin : 111 --- Wed Jun 22 13:09:49 EDT 2011
Goodbye World --- sdf @ localcosadmin --- Wed Jun 22 13:10:15 EDT 2011
Hello World --- sdf @ localcosadmin : 222 --- Wed Jun 22 13:10:29 EDT 2011
Goodbye World --- sdf @ localcosadmin --- Wed Jun 22 13:13:07 EDT 2011
Hello World --- sdf @ localcosadmin : 333 --- Wed Jun 22 13:13:28 EDT 2011
Goodbye World --- sdf @ localcosadmin --- Wed Jun 22 13:14:25 EDT 2011
Hello World --- sdf @ localcosadmin : 6767 --- Wed Jun 22 13:14:40 EDT 2011
Goodbye World --- sdf @ localcosadmin --- Wed Jun 22 13:19:33 EDT 2011
Hello World --- sdf @ localcosadmin : boooooood --- Wed Jun 22 13:24:56 EDT 2011
Goodbye World --- sdf @ localcosadmin --- Wed Jun 22 13:25:07 EDT 2011
Hello World --- sdf @ localcosadmin : off --- Wed Jun 22 13:25:55 EDT 2011
Goodbye World --- sdf @ localcosadmin --- Wed Jun 22 13:26:13 EDT 2011
Hello World --- sdf @ localcosadmin : tryagain --- Wed Jun 22 13:26:37 EDT 2011
Goodbye World --- sdf @ localcosadmin --- Wed Jun 22 13:26:54 EDT 2011
Hello World --- sdf @ localcosadmin : vrde-33893 --- Wed Jun 22 14:06:37 EDT 2011
Goodbye World --- sdf @ localcosadmin --- Wed Jun 22 14:08:17 EDT 2011
Hello World --- sdf @ localcosadmin : mickie-33893 --- Wed Jun 22 14:09:36 EDT 2011
Goodbye World --- sdf @ localcosadmin --- Wed Jun 22 14:10:56 EDT 2011
Hello World --- sdf @ localcosadmin : nakoop-33893 --- Wed Jun 22 14:13:14 EDT 2011
Goodbye World --- sdf @ localcosadmin --- Wed Jun 22 14:14:24 EDT 2011
Hello World --- sdf @ localcosadmin : kanook-33893 --- Wed Jun 22 14:15:04 EDT 2011
Goodbye World --- sdf @ localcosadmin --- Wed Jun 22 14:19:49 EDT 2011
Goodbye World --- sdf @ localcosadmin --- Wed Jun 22 14:57:13 EDT 2011
Goodbye World --- sdf @ localcosadmin --- Wed Jun 22 15:07:19 EDT 2011
Goodbye World --- sdf @ localcosadmin --- Wed Jun 22 15:28:30 EDT 2011
Hello World --- sdf @ localcosadmin : steven-33893 --- Wed Jun 22 15:42:01 EDT 2011
Goodbye World --- sdf @ localcosadmin --- Wed Jun 22 16:02:11 EDT 2011
Goodbye World --- sdf @ localcosadmin --- Wed Jun 22 16:31:09 EDT 2011
Hello World --- loop5 @ localcosadmin : USB_Thumb_Drive-33890 --- Thu Jun 23 12:00:34 EDT 2011
Goodbye World --- sdf @ localcosadmin --- Thu Jun 23 13:08:50 EDT 2011
Goodbye World --- sdf @ localcosadmin --- Thu Jun 23 13:19:38 EDT 2011
Goodbye World --- sdg @ localcosadmin --- Thu Jun 23 13:33:50 EDT 2011
Goodbye World --- sdf @ localcosadmin --- Thu Jun 23 13:51:45 EDT 2011
Goodbye World --- sdf @ localcosadmin --- Thu Jun 23 14:01:32 EDT 2011
Goodbye World --- sdf @ localcosadmin --- Thu Jun 23 14:03:25 EDT 2011
Goodbye World --- sdf @ localcosadmin --- Thu Jun 23 14:11:13 EDT 2011
Goodbye World --- sdf @ localcosadmin --- Thu Jun 23 14:12:45 EDT 2011
Goodbye World --- sdf @ localcosadmin --- Thu Jun 23 14:14:34 EDT 2011
Goodbye World --- sdf @ localcosadmin --- Thu Jun 23 14:21:55 EDT 2011
Goodbye World --- sdf @ localcosadmin --- Thu Jun 23 14:35:20 EDT 2011
Goodbye World --- sdf @ localcosadmin --- Thu Jun 23 14:42:36 EDT 2011
Goodbye World --- sdf @ localcosadmin --- Fri Jun 24 15:47:47 EDT 2011
Goodbye World --- sde @ localcosadmin --- Mon Jun 27 09:52:46 EDT 2011
Goodbye World --- sde @ localcosadmin --- Mon Jun 27 10:06:45 EDT 2011
Goodbye World --- sde @ localcosadmin --- Mon Jun 27 10:47:00 EDT 2011
