last_lba(): I don't know how to handle files with mode 40755
sed: can't read /ISO/tool.list.txt: No such file or directory
sed: can't read /ISO/tool.list.txt: No such file or directory
sed: can't read /ISO/tool.list.txt: No such file or directory
last_lba(): I don't know how to handle files with mode 40755
sed: can't read /ISO/tool.list.txt: No such file or directory
last_lba(): I don't know how to handle files with mode 40755
sed: can't read /ISO/tool.list.txt: No such file or directory
sed: can't read /ISO/tool.list.txt: No such file or directory
sed: can't read /ISO/tool.list.txt: No such file or directory
last_lba(): I don't know how to handle files with mode 40755
sed: can't read /ISO/tool.list.txt: No such file or directory
last_lba(): I don't know how to handle files with mode 40755
sed: can't read /ISO/tool.list.txt: No such file or directory
sed: can't read /ISO/tool.list.txt: No such file or directory
sed: can't read /ISO/tool.list.txt: No such file or directory
last_lba(): I don't know how to handle files with mode 40755
/ISO/tool.list.txt
sed: can't read /ISO/tool.list.txt: No such file or directory
/ISO/tool.list.txt
sed: can't read /ISO/tool.list.txt: No such file or directory
/ISO/tool.list.txt
sed: can't read /ISO/tool.list.txt: No such file or directory
last_lba(): I don't know how to handle files with mode 40755
/ISO/tool.list.txt
sed: can't read /ISO/tool.list.txt: No such file or directory
/ISO/tool.list.txt
sed: can't read /ISO/tool.list.txt: No such file or directory
/ISO/tool.list.txt
sed: can't read /ISO/tool.list.txt: No such file or directory
last_lba(): I don't know how to handle files with mode 40755
/ISO/tool.list.txt
sed: can't read /ISO/tool.list.txt: No such file or directory
/ISO/tool.list.txt
sed: can't read /ISO/tool.list.txt: No such file or directory
/ISO/tool.list.txt
sed: can't read /ISO/tool.list.txt: No such file or directory
help
last_lba(): I don't know how to handle files with mode 40755
help
/ISO/tool.list.txt
sed: can't read /ISO/tool.list.txt: No such file or directory
help
/ISO/tool.list.txt
sed: can't read /ISO/tool.list.txt: No such file or directory
help
/ISO/tool.list.txt
sed: can't read /ISO/tool.list.txt: No such file or directory
help ::
last_lba(): I don't know how to handle files with mode 40755
help ::
/ISO/tool.list.txt
sed: can't read /ISO/tool.list.txt: No such file or directory
help ::
/ISO/tool.list.txt
sed: can't read /ISO/tool.list.txt: No such file or directory
help ::
/ISO/tool.list.txt
sed: can't read /ISO/tool.list.txt: No such file or directory
D0U
D0U
help ::
D0U
last_lba(): I don't know how to handle files with mode 40755
D0U
help ::
/ISO/tool.list.txt
sed: can't read /ISO/tool.list.txt: No such file or directory
D0U
help ::
/ISO/tool.list.txt
sed: can't read /ISO/tool.list.txt: No such file or directory
D0U
help ::
/ISO/tool.list.txt
sed: can't read /ISO/tool.list.txt: No such file or directory
D0U localcosadmin
D0U localcosadmin
help :: localcosadmin
D0U localcosadmin
last_lba(): I don't know how to handle files with mode 40755
D0U localcosadmin
help :: localcosadmin
/home/localcosadmin/ISO/tool.list.txt
D0U localcosadmin
help :: localcosadmin
/home/localcosadmin/ISO/tool.list.txt
D0U localcosadmin
help :: localcosadmin
/home/localcosadmin/ISO/tool.list.txt
GET_DISPLAY_0_USER :: localcosadmin
GET_DISPLAY_0_USER :: localcosadmin
help :: localcosadmin
GET_DISPLAY_0_USER :: localcosadmin
last_lba(): I don't know how to handle files with mode 40755
GET_DISPLAY_0_USER :: localcosadmin
help :: localcosadmin
/home/localcosadmin/ISO/tool.list.txt
GET_DISPLAY_0_USER :: localcosadmin
help :: localcosadmin
/home/localcosadmin/ISO/tool.list.txt
GET_DISPLAY_0_USER :: localcosadmin
help :: localcosadmin
/home/localcosadmin/ISO/tool.list.txt
GET_DISPLAY_0_USER :: localcosadmin
GET_DISPLAY_0_USER :: localcosadmin
help :: localcosadmin
GET_DISPLAY_0_HOME :: /home/localcosadmin
GET_DISPLAY_0_USER :: localcosadmin
last_lba(): I don't know how to handle files with mode 40755
GET_DISPLAY_0_USER :: localcosadmin
help :: localcosadmin
GET_DISPLAY_0_HOME :: /home/localcosadmin
/home/localcosadmin/ISO/tool.list.txt
GET_DISPLAY_0_USER :: localcosadmin
help :: localcosadmin
GET_DISPLAY_0_HOME :: /home/localcosadmin
/home/localcosadmin/ISO/tool.list.txt
GET_DISPLAY_0_USER :: localcosadmin
help :: localcosadmin
GET_DISPLAY_0_HOME :: /home/localcosadmin
/home/localcosadmin/ISO/tool.list.txt
GET_DISPLAY_0_USER :: localcosadmin
GET_DISPLAY_0_USER :: localcosadmin
help :: localcosadmin
GET_DISPLAY_0_HOME :: /home/localcosadmin
GET_DISPLAY_0_USER :: localcosadmin
last_lba(): I don't know how to handle files with mode 40755
GET_DISPLAY_0_USER :: localcosadmin
help :: localcosadmin
GET_DISPLAY_0_HOME :: /home/localcosadmin
/home/localcosadmin/ISO/tool.list.txt
GET_DISPLAY_0_USER :: localcosadmin
help :: localcosadmin
GET_DISPLAY_0_HOME :: /home/localcosadmin
/home/localcosadmin/ISO/tool.list.txt
GET_DISPLAY_0_USER :: localcosadmin
help :: localcosadmin
GET_DISPLAY_0_HOME :: /home/localcosadmin
/home/localcosadmin/ISO/tool.list.txt
GET_DISPLAY_0_USER :: localcosadmin
GET_DISPLAY_0_USER :: localcosadmin
help :: localcosadmin
GET_DISPLAY_0_HOME :: /home/localcosadmin
GET_DISPLAY_0_USER :: localcosadmin
last_lba(): I don't know how to handle files with mode 40755
GET_DISPLAY_0_USER :: localcosadmin
help :: localcosadmin
GET_DISPLAY_0_HOME :: /home/localcosadmin
GET_CONFIG_SECTION ::
GET_DISPLAY_0_USER :: localcosadmin
help :: localcosadmin
GET_DISPLAY_0_HOME :: /home/localcosadmin
GET_CONFIG_SECTION ::
GET_DISPLAY_0_USER :: localcosadmin
help :: localcosadmin
GET_DISPLAY_0_HOME :: /home/localcosadmin
GET_CONFIG_SECTION ::
GET_DISPLAY_0_USER :: localcosadmin
GET_DISPLAY_0_USER :: localcosadmin
help :: localcosadmin
GET_DISPLAY_0_HOME :: /home/localcosadmin
GET_DISPLAY_0_USER :: localcosadmin
last_lba(): I don't know how to handle files with mode 40755
GET_DISPLAY_0_USER :: localcosadmin
help :: localcosadmin
GET_DISPLAY_0_HOME :: /home/localcosadmin
GET_CONFIG_SECTION ::
GET_DISPLAY_0_USER :: localcosadmin
help :: localcosadmin
GET_DISPLAY_0_HOME :: /home/localcosadmin
GET_CONFIG_SECTION ::
GET_DISPLAY_0_USER :: localcosadmin
help :: localcosadmin
GET_DISPLAY_0_HOME :: /home/localcosadmin
GET_CONFIG_SECTION ::
GET_DISPLAY_0_USER :: localcosadmin
GET_DISPLAY_0_USER :: localcosadmin
GET_DISPLAY_0_HOME :: /home/localcosadmin
GET_DISPLAY_0_USER :: localcosadmin
last_lba(): I don't know how to handle files with mode 40755
GET_DISPLAY_0_USER :: localcosadmin
GET_DISPLAY_0_HOME :: /home/localcosadmin
ERROR "GET_CONFIG_SECTION"
GET_CONFIG_SECTION ::
GET_DISPLAY_0_USER :: localcosadmin
GET_DISPLAY_0_HOME :: /home/localcosadmin
ERROR "GET_CONFIG_SECTION"
GET_CONFIG_SECTION ::
GET_DISPLAY_0_USER :: localcosadmin
GET_DISPLAY_0_HOME :: /home/localcosadmin
ERROR "GET_CONFIG_SECTION"
GET_CONFIG_SECTION ::
GET_DISPLAY_0_USER :: localcosadmin
GET_DISPLAY_0_USER :: localcosadmin
GET_DISPLAY_0_HOME :: /home/localcosadmin
GET_DISPLAY_0_USER :: localcosadmin
last_lba(): I don't know how to handle files with mode 40755
GET_DISPLAY_0_USER :: localcosadmin
GET_DISPLAY_0_HOME :: /home/localcosadmin
ERROR "GET_CONFIG_SECTION"
GET_CONFIG_SECTION ::
GET_DISPLAY_0_USER :: localcosadmin
GET_DISPLAY_0_HOME :: /home/localcosadmin
ERROR "GET_CONFIG_SECTION"
GET_CONFIG_SECTION ::
GET_DISPLAY_0_USER :: localcosadmin
GET_DISPLAY_0_HOME :: /home/localcosadmin
ERROR "GET_CONFIG_SECTION"
GET_CONFIG_SECTION ::
GET_DISPLAY_0_USER :: localcosadmin
GET_DISPLAY_0_USER :: localcosadmin
GET_DISPLAY_0_HOME :: /home/localcosadmin
start
GET_DISPLAY_0_USER :: localcosadmin
last_lba(): I don't know how to handle files with mode 40755
GET_DISPLAY_0_USER :: localcosadmin
GET_DISPLAY_0_HOME :: /home/localcosadmin
ERROR "GET_CONFIG_SECTION"
GET_CONFIG_SECTION ::
GET_DISPLAY_0_USER :: localcosadmin
GET_DISPLAY_0_HOME :: /home/localcosadmin
ERROR "GET_CONFIG_SECTION"
GET_CONFIG_SECTION ::
GET_DISPLAY_0_USER :: localcosadmin
GET_DISPLAY_0_HOME :: /home/localcosadmin
ERROR "GET_CONFIG_SECTION"
GET_CONFIG_SECTION ::
GET_DISPLAY_0_USER :: localcosadmin
GET_DISPLAY_0_USER :: localcosadmin
GET_DISPLAY_0_HOME :: /home/localcosadmin
start
GET_DISPLAY_0_USER :: localcosadmin
last_lba(): I don't know how to handle files with mode 40755
GET_DISPLAY_0_USER :: localcosadmin
GET_DISPLAY_0_HOME :: /home/localcosadmin
ERROR "GET_CONFIG_SECTION"
GET_CONFIG_SECTION ::
GET_DISPLAY_0_USER :: localcosadmin
GET_DISPLAY_0_HOME :: /home/localcosadmin
ERROR "GET_CONFIG_SECTION"
GET_CONFIG_SECTION ::
GET_DISPLAY_0_USER :: localcosadmin
GET_DISPLAY_0_HOME :: /home/localcosadmin
ERROR "GET_CONFIG_SECTION"
GET_CONFIG_SECTION ::
GET_DISPLAY_0_USER :: localcosadmin
GET_DISPLAY_0_USER :: localcosadmin
GET_DISPLAY_0_HOME :: /home/localcosadmin
start
GET_DEVICE_DETAIL ::
GET_DISPLAY_0_USER :: localcosadmin
last_lba(): I don't know how to handle files with mode 40755
GET_DEVICE_DETAIL ::
GET_DISPLAY_0_USER :: localcosadmin
GET_DISPLAY_0_HOME :: /home/localcosadmin
ERROR "GET_CONFIG_SECTION"
GET_CONFIG_SECTION ::
GET_DISPLAY_0_USER :: localcosadmin
GET_DISPLAY_0_HOME :: /home/localcosadmin
ERROR "GET_CONFIG_SECTION"
GET_CONFIG_SECTION ::
GET_DISPLAY_0_USER :: localcosadmin
GET_DISPLAY_0_HOME :: /home/localcosadmin
ERROR "GET_CONFIG_SECTION"
GET_CONFIG_SECTION ::
GET_DISPLAY_0_USER :: localcosadmin
last_lba(): I don't know how to handle files with mode 40755
GET_DEVICE_DETAIL ::
GET_DISPLAY_0_USER :: localcosadmin
GET_DISPLAY_0_HOME :: /home/localcosadmin
ERROR "GET_CONFIG_SECTION"
GET_CONFIG_SECTION ::
GET_DISPLAY_0_USER :: localcosadmin
GET_DISPLAY_0_USER :: localcosadmin
GET_DISPLAY_0_HOME :: /home/localcosadmin
start
GET_DEVICE_DETAIL ::
GET_DISPLAY_0_USER :: localcosadmin
last_lba(): I don't know how to handle files with mode 40755
GET_DEVICE_DETAIL ::
GET_DISPLAY_0_USER :: localcosadmin
GET_DISPLAY_0_HOME :: /home/localcosadmin
ERROR "GET_CONFIG_SECTION"
GET_CONFIG_SECTION ::
GET_DISPLAY_0_USER :: localcosadmin
GET_DISPLAY_0_HOME :: /home/localcosadmin
ERROR "GET_CONFIG_SECTION"
GET_CONFIG_SECTION ::
GET_DISPLAY_0_USER :: localcosadmin
GET_DISPLAY_0_HOME :: /home/localcosadmin
ERROR "GET_CONFIG_SECTION"
GET_CONFIG_SECTION ::
GET_DISPLAY_0_USER :: localcosadmin
GET_DISPLAY_0_USER :: localcosadmin
GET_DISPLAY_0_HOME :: /home/localcosadmin
start
GET_DEVICE_DETAIL ::
GET_DISPLAY_0_USER :: localcosadmin
last_lba(): I don't know how to handle files with mode 40755
GET_DEVICE_DETAIL ::
GET_DISPLAY_0_USER :: localcosadmin
GET_DISPLAY_0_HOME :: /home/localcosadmin
ERROR "GET_CONFIG_SECTION"
GET_CONFIG_SECTION ::
GET_DISPLAY_0_USER :: localcosadmin
GET_DISPLAY_0_HOME :: /home/localcosadmin
ERROR "GET_CONFIG_SECTION"
GET_CONFIG_SECTION ::
GET_DISPLAY_0_USER :: localcosadmin
GET_DISPLAY_0_HOME :: /home/localcosadmin
ERROR "GET_CONFIG_SECTION"
GET_CONFIG_SECTION ::
GET_DISPLAY_0_USER :: localcosadmin
GET_DISPLAY_0_USER :: localcosadmin
GET_DISPLAY_0_HOME :: /home/localcosadmin
start
GET_DEVICE_DETAIL ::
GET_DISPLAY_0_USER :: localcosadmin
last_lba(): I don't know how to handle files with mode 40755
GET_DEVICE_DETAIL ::
GET_DISPLAY_0_USER :: localcosadmin
GET_DISPLAY_0_HOME :: /home/localcosadmin
ERROR "GET_CONFIG_SECTION"
GET_CONFIG_SECTION ::
GET_DISPLAY_0_USER :: localcosadmin
GET_DISPLAY_0_HOME :: /home/localcosadmin
ERROR "GET_CONFIG_SECTION"
GET_CONFIG_SECTION ::
GET_DISPLAY_0_USER :: localcosadmin
GET_DISPLAY_0_HOME :: /home/localcosadmin
ERROR "GET_CONFIG_SECTION"
GET_CONFIG_SECTION ::
GET_DISPLAY_0_USER :: localcosadmin
GET_DISPLAY_0_USER :: localcosadmin
GET_DISPLAY_0_HOME :: /home/localcosadmin
start
GET_DEVICE_DETAIL sdc :: Disk /dev/sdc: 320.1 GB
GET_DISPLAY_0_USER :: localcosadmin
GET_DEVICE_DETAIL sdc :: Disk /dev/sdc 320.1 GB
GET_DISPLAY_0_USER :: localcosadmin
GET_DISPLAY_0_HOME :: /home/localcosadmin
ERROR "GET_CONFIG_SECTION"
GET_CONFIG_SECTION ::
GET_DISPLAY_0_USER :: localcosadmin
GET_DISPLAY_0_HOME :: /home/localcosadmin
ERROR "GET_CONFIG_SECTION"
GET_CONFIG_SECTION ::
GET_DISPLAY_0_USER :: localcosadmin
GET_DISPLAY_0_HOME :: /home/localcosadmin
ERROR "GET_CONFIG_SECTION"
GET_CONFIG_SECTION ::
GET_DISPLAY_0_USER :: localcosadmin
GET_DISPLAY_0_USER :: localcosadmin
GET_DISPLAY_0_HOME :: /home/localcosadmin
start
GET_DEVICE_DETAIL :: Disk /dev/sdc: 320.1 GB
GET_DISPLAY_0_USER :: localcosadmin
GET_DEVICE_DETAIL :: Disk /dev/sdc 320.1 GB
GET_DISPLAY_0_USER :: localcosadmin
GET_DISPLAY_0_HOME :: /home/localcosadmin
ERROR "GET_CONFIG_SECTION"
GET_CONFIG_SECTION ::
GET_DISPLAY_0_USER :: localcosadmin
GET_DISPLAY_0_HOME :: /home/localcosadmin
ERROR "GET_CONFIG_SECTION"
GET_CONFIG_SECTION ::
GET_DISPLAY_0_USER :: localcosadmin
GET_DISPLAY_0_HOME :: /home/localcosadmin
ERROR "GET_CONFIG_SECTION"
GET_CONFIG_SECTION ::
GET_DISPLAY_0_USER :: localcosadmin
GET_DISPLAY_0_USER :: localcosadmin
GET_DISPLAY_0_HOME :: /home/localcosadmin
start
GET_DEVICE_DETAIL :: Disk /dev/sdc: 320.1 GB
GET_DISPLAY_0_USER :: localcosadmin
GET_DEVICE_DETAIL :: Disk /dev/sdc 320.1 GB
GET_DISPLAY_0_USER :: localcosadmin
GET_DISPLAY_0_HOME :: /home/localcosadmin
ERROR "GET_CONFIG_SECTION"
GET_CONFIG_SECTION ::
GET_DISPLAY_0_USER :: localcosadmin
GET_DISPLAY_0_HOME :: /home/localcosadmin
ERROR "GET_CONFIG_SECTION"
GET_CONFIG_SECTION ::
GET_DISPLAY_0_USER :: localcosadmin
GET_DISPLAY_0_HOME :: /home/localcosadmin
ERROR "GET_CONFIG_SECTION"
GET_CONFIG_SECTION ::
GET_DISPLAY_0_USER :: localcosadmin
GET_DISPLAY_0_USER :: localcosadmin
GET_DISPLAY_0_HOME :: /home/localcosadmin
start
GET_DEVICE_DETAIL :: Disk /dev/sdc: 320.1 GB
GET_DISPLAY_0_USER :: localcosadmin
GET_DEVICE_DETAIL :: Disk /dev/sdc 320.1 GB
GET_DISPLAY_0_USER :: localcosadmin
GET_DISPLAY_0_HOME :: /home/localcosadmin
ERROR "GET_CONFIG_SECTION"
[ Task Selection Instructions ]
	Please choose a tool:
	PXE boot is the default.

[ Seconday Drive Selection Instructions ]

[ Naming Instructions ]
	Please enter a unique name to detail this task:
	  Dashes and underscores are OK.
	  NO spaces OR special characters, thank-you.

[ Task List Column Headers ]
Tool	Selections		Locations					Memory

[ Task List Selections ]
Task	SpinRite		SpinRite.iso
Task	DBAN			dban-2.2.6_i586.iso
Task	Ghost			ghost.iso					512
Deploy	Unity
Deploy	Kubuntu
Deploy	Xubuntu
Diag	KNOPPIX			ADRIANE-KNOPPIX_V6.4.3CD-2010-12-20-EN.iso	768
Diag	"Hirens BootCD"		Hirens.BootCD.14.0.iso				512
Diag	Clone-Zilla		clonezilla.iso					256
GET_CONFIG_SECTION ::
GET_DISPLAY_0_USER :: localcosadmin
GET_DISPLAY_0_HOME :: /home/localcosadmin
ERROR "GET_CONFIG_SECTION"
[ Task Selection Instructions ]
	Please choose a tool:
	PXE boot is the default.

[ Seconday Drive Selection Instructions ]

[ Naming Instructions ]
	Please enter a unique name to detail this task:
	  Dashes and underscores are OK.
	  NO spaces OR special characters, thank-you.

[ Task List Column Headers ]
Tool	Selections		Locations					Memory

[ Task List Selections ]
Task	SpinRite		SpinRite.iso
Task	DBAN			dban-2.2.6_i586.iso
Task	Ghost			ghost.iso					512
Deploy	Unity
Deploy	Kubuntu
Deploy	Xubuntu
Diag	KNOPPIX			ADRIANE-KNOPPIX_V6.4.3CD-2010-12-20-EN.iso	768
Diag	"Hirens BootCD"		Hirens.BootCD.14.0.iso				512
Diag	Clone-Zilla		clonezilla.iso					256
GET_CONFIG_SECTION ::
GET_DISPLAY_0_USER :: localcosadmin
GET_DISPLAY_0_HOME :: /home/localcosadmin
ERROR "GET_CONFIG_SECTION"
[ Task Selection Instructions ]
	Please choose a tool:
	PXE boot is the default.

[ Seconday Drive Selection Instructions ]

[ Naming Instructions ]
	Please enter a unique name to detail this task:
	  Dashes and underscores are OK.
	  NO spaces OR special characters, thank-you.

[ Task List Column Headers ]
Tool	Selections		Locations					Memory

[ Task List Selections ]
Task	SpinRite		SpinRite.iso
Task	DBAN			dban-2.2.6_i586.iso
Task	Ghost			ghost.iso					512
Deploy	Unity
Deploy	Kubuntu
Deploy	Xubuntu
Diag	KNOPPIX			ADRIANE-KNOPPIX_V6.4.3CD-2010-12-20-EN.iso	768
Diag	"Hirens BootCD"		Hirens.BootCD.14.0.iso				512
Diag	Clone-Zilla		clonezilla.iso					256
GET_CONFIG_SECTION ::
GET_DISPLAY_0_USER :: localcosadmin
GET_DISPLAY_0_USER :: localcosadmin
GET_DISPLAY_0_HOME :: /home/localcosadmin
start
GET_DEVICE_DETAIL :: Disk /dev/sdc: 320.1 GB
GET_DISPLAY_0_USER :: localcosadmin
GET_DEVICE_DETAIL :: Disk /dev/sdc 320.1 GB
GET_DISPLAY_0_USER :: localcosadmin
GET_DISPLAY_0_HOME :: /home/localcosadmin
ERROR "GET_CONFIG_SECTION" :: TasksSelectionsInstructions
[ Task Selection Instructions ]
	Please choose a tool:
	PXE boot is the default.

[ Seconday Drive Selection Instructions ]

[ Naming Instructions ]
	Please enter a unique name to detail this task:
	  Dashes and underscores are OK.
	  NO spaces OR special characters, thank-you.

[ Task List Column Headers ]
Tool	Selections		Locations					Memory

[ Task List Selections ]
Task	SpinRite		SpinRite.iso
Task	DBAN			dban-2.2.6_i586.iso
Task	Ghost			ghost.iso					512
Deploy	Unity
Deploy	Kubuntu
Deploy	Xubuntu
Diag	KNOPPIX			ADRIANE-KNOPPIX_V6.4.3CD-2010-12-20-EN.iso	768
Diag	"Hirens BootCD"		Hirens.BootCD.14.0.iso				512
Diag	Clone-Zilla		clonezilla.iso					256
GET_CONFIG_SECTION ::
GET_DISPLAY_0_USER :: localcosadmin
GET_DISPLAY_0_HOME :: /home/localcosadmin
ERROR "GET_CONFIG_SECTION" ::
[ Task Selection Instructions ]
	Please choose a tool:
	PXE boot is the default.

[ Seconday Drive Selection Instructions ]

[ Naming Instructions ]
	Please enter a unique name to detail this task:
	  Dashes and underscores are OK.
	  NO spaces OR special characters, thank-you.

[ Task List Column Headers ]
Tool	Selections		Locations					Memory

[ Task List Selections ]
Task	SpinRite		SpinRite.iso
Task	DBAN			dban-2.2.6_i586.iso
Task	Ghost			ghost.iso					512
Deploy	Unity
Deploy	Kubuntu
Deploy	Xubuntu
Diag	KNOPPIX			ADRIANE-KNOPPIX_V6.4.3CD-2010-12-20-EN.iso	768
Diag	"Hirens BootCD"		Hirens.BootCD.14.0.iso				512
Diag	Clone-Zilla		clonezilla.iso					256
GET_CONFIG_SECTION ::
GET_DISPLAY_0_USER :: localcosadmin
GET_DISPLAY_0_HOME :: /home/localcosadmin
ERROR "GET_CONFIG_SECTION" :: TasksListsSelections
[ Task Selection Instructions ]
	Please choose a tool:
	PXE boot is the default.

[ Seconday Drive Selection Instructions ]

[ Naming Instructions ]
	Please enter a unique name to detail this task:
	  Dashes and underscores are OK.
	  NO spaces OR special characters, thank-you.

[ Task List Column Headers ]
Tool	Selections		Locations					Memory

[ Task List Selections ]
Task	SpinRite		SpinRite.iso
Task	DBAN			dban-2.2.6_i586.iso
Task	Ghost			ghost.iso					512
Deploy	Unity
Deploy	Kubuntu
Deploy	Xubuntu
Diag	KNOPPIX			ADRIANE-KNOPPIX_V6.4.3CD-2010-12-20-EN.iso	768
Diag	"Hirens BootCD"		Hirens.BootCD.14.0.iso				512
Diag	Clone-Zilla		clonezilla.iso					256
GET_CONFIG_SECTION ::
GET_DISPLAY_0_USER :: localcosadmin
GET_DISPLAY_0_USER :: localcosadmin
GET_DISPLAY_0_HOME :: /home/localcosadmin
start
GET_DEVICE_DETAIL :: Disk /dev/sdc: 320.1 GB
GET_DISPLAY_0_USER :: localcosadmin
GET_DEVICE_DETAIL :: Disk /dev/sdc 320.1 GB
GET_DISPLAY_0_USER :: localcosadmin
GET_DISPLAY_0_HOME :: /home/localcosadmin
ERROR "GET_CONFIG_SECTION" :: TasksSelectionsInstructions
GET_CONFIG_SECTION ::
GET_DISPLAY_0_USER :: localcosadmin
GET_DISPLAY_0_HOME :: /home/localcosadmin
ERROR "GET_CONFIG_SECTION" ::
GET_CONFIG_SECTION ::
GET_DISPLAY_0_USER :: localcosadmin
GET_DISPLAY_0_HOME :: /home/localcosadmin
ERROR "GET_CONFIG_SECTION" :: TasksListsSelections
GET_CONFIG_SECTION ::
GET_DISPLAY_0_USER :: localcosadmin
GET_DISPLAY_0_USER :: localcosadmin
GET_DISPLAY_0_HOME :: /home/localcosadmin
start
GET_DEVICE_DETAIL :: Disk /dev/sdc: 320.1 GB
GET_DISPLAY_0_USER :: localcosadmin
GET_DEVICE_DETAIL :: Disk /dev/sdc 320.1 GB
GET_DISPLAY_0_USER :: localcosadmin
GET_DISPLAY_0_HOME :: /home/localcosadmin
ERROR "GET_CONFIG_SECTION" :: Task Selection Instructions
GET_CONFIG_SECTION :: Please choose a tool: PXE boot is the default.
GET_DISPLAY_0_USER :: localcosadmin
GET_DISPLAY_0_HOME :: /home/localcosadmin
ERROR "GET_CONFIG_SECTION" ::
GET_CONFIG_SECTION ::
GET_DISPLAY_0_USER :: localcosadmin
GET_DISPLAY_0_HOME :: /home/localcosadmin
ERROR "GET_CONFIG_SECTION" :: Task List Selections
GET_CONFIG_SECTION :: Task SpinRite SpinRite.iso Task DBAN dban-2.2.6_i586.iso Task Ghost ghost.iso 512 Deploy Unity Deploy Kubuntu Deploy Xubuntu Diag KNOPPIX ADRIANE-KNOPPIX_V6.4.3CD-2010-12-20-EN.iso 768 Diag Hirens BootCD Hirens.BootCD.14.0.iso 512 Diag Clone-Zilla clonezilla.iso 256
GET_DISPLAY_0_USER :: localcosadmin
GET_DEVICE_DETAIL :: Disk /dev/sdc 320.1 GB
GET_DISPLAY_0_USER :: localcosadmin
GET_DISPLAY_0_HOME :: /home/localcosadmin
ERROR "GET_CONFIG_SECTION" :: Naming Instructions
GET_CONFIG_SECTION :: Please enter a unique name to detail this task: Dashes and underscores are OK. NO spaces OR special characters, thank-you.
start
ERROR "GET_CONFIG_SECTION" :: Task Selection Instructions
GET_CONFIG_SECTION :: Please choose a tool: PXE boot is the default.
ERROR "GET_CONFIG_SECTION" ::
GET_CONFIG_SECTION ::
ERROR "GET_CONFIG_SECTION" :: Task List Selections
GET_CONFIG_SECTION :: Task SpinRite SpinRite.iso Task DBAN dban-2.2.6_i586.iso Task Ghost ghost.iso 512 Deploy Unity Deploy Kubuntu Deploy Xubuntu Diag KNOPPIX ADRIANE-KNOPPIX_V6.4.3CD-2010-12-20-EN.iso 768 Diag Hirens BootCD Hirens.BootCD.14.0.iso 512 Diag Clone-Zilla clonezilla.iso 256
start
VMDK[sdc] = /home/localcosadmin/.VirtualBox/udev.sdc.sdc.320.1GB-33890.sdc.vmdk
stdin: is not a tty

RAW host disk access VMDK file /home/localcosadmin/.VirtualBox/udev.sdc.sdc.320.1GB-33890.sdc.vmdk created successfully.
      name :: 5 sdc.320.1GB-33890.sdc
  name err :: 5
 selection :: 5 0 PXE DEFAULT
select err :: 5
      path :: 
       mem :: 128
      name :: sdc.320.1GB-33890.sdc
add sdc
VMDK[sdc] = /home/localcosadmin/.VirtualBox/udev.sdc.sdc.320.1GB-33890.sdc.vmdk
stdin: is not a tty

RAW host disk access VMDK file /home/localcosadmin/.VirtualBox/udev.sdc.sdc.320.1GB-33890.sdc.vmdk created successfully.
      name :: 5 sdc.320.1GB-33890.sdc
  name err :: 5
 selection :: 5 0 PXE DEFAULT
select err :: 5
      path :: 
       mem :: 128
      name :: sdc.320.1GB-33890.sdc
add sdc
wow hi
GET_DISPLAY_0_USER :: localcosadmin
VMDK[sdc] = /home/localcosadmin/.VirtualBox/udev.sdc.sdc.320.1GB-33890.sdc.vmdk
stdin: is not a tty

RAW host disk access VMDK file /home/localcosadmin/.VirtualBox/udev.sdc.sdc.320.1GB-33890.sdc.vmdk created successfully.
      name :: 5 sdc.320.1GB-33890.sdc
  name err :: 5
 selection :: 5 0 PXE DEFAULT
select err :: 5
      path :: 
       mem :: 128
      name :: sdc.320.1GB-33890.sdc
add sdc
GET_DISPLAY_0_USER :: localcosadmin
VMDK[sdc] = /home/localcosadmin/.VirtualBox/udev.sdc.sdc_320.1GB-33890.sdc.vmdk
stdin: is not a tty

RAW host disk access VMDK file /home/localcosadmin/.VirtualBox/udev.sdc.sdc_320.1GB-33890.sdc.vmdk created successfully.
      name :: 5 sdc_320.1GB-33890.sdc
  name err :: 5
 selection :: 5 0 PXE DEFAULT
select err :: 5
      path :: 
       mem :: 128
      name :: sdc_320.1GB-33890.sdc
add sdc
GET_DISPLAY_0_USER :: localcosadmin
LINE ::      5	Deploy	Kubuntu
VMDK[sdc] = /home/localcosadmin/.VirtualBox/udev.sdc.sdc-320.1GB-33890.sdc.vmdk
stdin: is not a tty

RAW host disk access VMDK file /home/localcosadmin/.VirtualBox/udev.sdc.sdc-320.1GB-33890.sdc.vmdk created successfully.
      name :: 5 sdc-320.1GB-33890.sdc
  name err :: 5
 selection :: 5 5 Deploy Kubuntu
select err :: 5
      path :: 
       mem :: 128
      name :: sdc-320.1GB-33890.sdc
add sdc
GET_DISPLAY_0_USER :: localcosadmin
LINE ::      1	Task	SpinRite		SpinRite.iso
VMDK[sdc] = /home/localcosadmin/.VirtualBox/udev.sdc.sdc-320.1GB-33890.sdc.vmdk
stdin: is not a tty

RAW host disk access VMDK file /home/localcosadmin/.VirtualBox/udev.sdc.sdc-320.1GB-33890.sdc.vmdk created successfully.
      name :: 5 sdc-320.1GB-33890.sdc
  name err :: 5
 selection :: 5 1 Task SpinRite SpinRite.iso
select err :: 5
      path :: SpinRite.iso
       mem :: 128
      name :: sdc-320.1GB-33890.sdc
add sdc
GET_DISPLAY_0_USER :: localcosadmin
LINE ::      8	Diag	"Hirens BootCD"		Hirens.BootCD.14.0.iso				512
VMDK[sdc] = /home/localcosadmin/.VirtualBox/udev.sdc.sdc-320.1GB-33890.sdc.vmdk
stdin: is not a tty

RAW host disk access VMDK file /home/localcosadmin/.VirtualBox/udev.sdc.sdc-320.1GB-33890.sdc.vmdk created successfully.
      name :: 5 sdc-320.1GB-33890.sdc
  name err :: 5
 selection :: 5 8 Diag Hirens BootCD Hirens.BootCD.14.0.iso 512
select err :: 5
      path :: Hirens.BootCD.14.0.iso
       mem :: 512
      name :: sdc-320.1GB-33890.sdc
add sdc
GET_DISPLAY_0_USER :: localcosadmin
LINE :: 0 PXE DEFAULT pxe.iso 512
VMDK[sdc] = /home/localcosadmin/.VirtualBox/udev.sdc.sdc-320.1GB-33890.sdc.vmdk
stdin: is not a tty

RAW host disk access VMDK file /home/localcosadmin/.VirtualBox/udev.sdc.sdc-320.1GB-33890.sdc.vmdk created successfully.
      name :: 5 sdc-320.1GB-33890.sdc
  name err :: 5
 selection :: 5 0 PXE DEFAULT pxe.iso 512
select err :: 5
      path :: pxe.iso
       mem :: 512
      name :: sdc-320.1GB-33890.sdc
add sdc
GET_DISPLAY_0_USER :: localcosadmin
VMDK[sdc] = /home/localcosadmin/.VirtualBox/udev.sdc.sdc-320.1GB-33890.sdc.vmdk
stdin: is not a tty

RAW host disk access VMDK file /home/localcosadmin/.VirtualBox/udev.sdc.sdc-320.1GB-33890.sdc.vmdk created successfully.
      name :: 5 sdc-320.1GB-33890.sdc
  name err :: 5
 selection :: 5 0 PXE DEFAULT
select err :: 5
      path :: 
       mem :: 128
      name :: sdc-320.1GB-33890.sdc
add sdc
GET_DISPLAY_0_USER :: localcosadmin
VMDK[sdc] = /home/localcosadmin/.VirtualBox/udev.sdc.sdc-320.1GB-33890.sdc.vmdk
stdin: is not a tty

RAW host disk access VMDK file /home/localcosadmin/.VirtualBox/udev.sdc.sdc-320.1GB-33890.sdc.vmdk created successfully.
      name :: 5 sdc-320.1GB-33890.sdc
  name err :: 5
 selection :: 5 0 PXE DEFAULT pxe.iso 512
select err :: 5
      path :: pxe.iso
       mem :: 512
      name :: sdc-320.1GB-33890.sdc
add sdc
GET_DISPLAY_0_USER :: localcosadmin
LINE :: 0 DISK EXPERIMENTAl none 512
VMDK[sdc] = /home/localcosadmin/.VirtualBox/udev.sdc.sdc-320.1GB-33890.sdc.vmdk
stdin: is not a tty

RAW host disk access VMDK file /home/localcosadmin/.VirtualBox/udev.sdc.sdc-320.1GB-33890.sdc.vmdk created successfully.
      name :: 5 sdc-320.1GB-33890.sdc
  name err :: 5
 selection :: 5 0 DISK EXPERIMENTAl none 512
select err :: 5
      path :: none
       mem :: 512
      name :: sdc-320.1GB-33890.sdc
add sdc
GET_DISPLAY_0_USER :: localcosadmin
LINE ::      3	Task	Ghost			ghost.iso					512
GET_DISPLAY_0_USER :: localcosadmin
LINE ::      2	Task	DBAN			dban-2.2.6_i586.iso
VMDK[sdc] = /home/localcosadmin/.VirtualBox/udev.sdc.sdc-320.1GB-33890.sdc.vmdk
stdin: is not a tty

RAW host disk access VMDK file /home/localcosadmin/.VirtualBox/udev.sdc.sdc-320.1GB-33890.sdc.vmdk created successfully.
      name :: 5 sdc-320.1GB-33890.sdc
  name err :: 5
 selection :: 5 2 Task DBAN dban-2.2.6_i586.iso
select err :: 5
      path :: dban-2.2.6_i586.iso
       mem :: 128
      name :: sdc-320.1GB-33890.sdc
add sdc
LINE ::      3	Task	Ghost			ghost.iso					512
stdin: is not a tty

RAW host disk access VMDK file /home/localcosadmin/.VirtualBox/udev.sdc.test-33890.sdc.vmdk created successfully.
      name :: 5 test-33890.sdc
  name err :: 5
 selection :: 5 3 Task Ghost ghost.iso 512
select err :: 5
      path :: 
       mem :: 512
      name :: test-33890.sdc
add sdc
LINE ::      5	Diag	"Hirens BootCD"	Data/ISO.Windows/Hirens.BootCD.15.2.iso				512
stdin: is not a tty

RAW host disk access VMDK file /home/localcosadmin/.VirtualBox/udev.sdc.sdc-320.1GB-33890.sdc.vmdk created successfully.
      name :: 5 sdc-320.1GB-33890.sdc
  name err :: 5
 selection :: 5 5 Diag Hirens BootCD Data/ISO.Windows/Hirens.BootCD.15.2.iso 512
select err :: 5
      path :: /home/localcosadmin//Data/ISO.Windows/Hirens.BootCD.15.2.iso
       mem :: 512
      name :: sdc-320.1GB-33890.sdc
add sdc
stdin: is not a tty

RAW host disk access VMDK file /home/localcosadmin/.VirtualBox/udev.sdc.sdc-320.1GB-33890.sdc.vmdk created successfully.
      name :: 5 sdc-320.1GB-33890.sdc
  name err :: 5
 selection :: 5 4 Diag KNOPPIX Data/ISO.Linux/KNOPPIX/KNOPPIX_V7.0.5DVD-2012-12-21-EN.iso 768
select err :: 5
      path :: /home/localcosadmin//Data/ISO.Linux/KNOPPIX/KNOPPIX_V7.0.5DVD-2012-12-21-EN.iso
       mem :: 768
      name :: sdc-320.1GB-33890.sdc
add sdc
stdin: is not a tty

RAW host disk access VMDK file /home/localcosadmin/.VirtualBox/udev.sdc.sdc-320.1GB-33890.sdc.vmdk created successfully.
Virtual machine 'sdc-320.1GB-33890.sdc' is created and registered.
UUID: 01891472-80f0-4526-9e10-e68b29f923c3
Settings file: '/home/localcosadmin/VirtualBox VMs/sdc-320.1GB-33890.sdc/sdc-320.1GB-33890.sdc.vbox'
Oracle VM VirtualBox Command Line Management Interface Version 4.2.6
(C) 2005-2012 Oracle Corporation
All rights reserved.

Usage:

VBoxManage modifyvm         <uuid|name>
                            [--name <name>]
                            [--groups <group>, ...]
                            [--ostype <ostype>]
                            [--memory <memorysize in MB>]
                            [--pagefusion on|off]
                            [--vram <vramsize in MB>]
                            [--acpi on|off]
                            [--pciattach 03:04.0]
                            [--pciattach 03:04.0@02:01.0]
                            [--pcidetach 03:04.0]
                            [--ioapic on|off]
                            [--pae on|off]
                            [--hpet on|off]
                            [--hwvirtex on|off]
                            [--hwvirtexexcl on|off]
                            [--nestedpaging on|off]
                            [--largepages on|off]
                            [--vtxvpid on|off]
                            [--synthcpu on|off]
                            [--cpuidset <leaf> <eax> <ebx> <ecx> <edx>]
                            [--cpuidremove <leaf>]
                            [--cpuidremoveall]
                            [--hardwareuuid <uuid>]
                            [--cpus <number>]
                            [--cpuhotplug on|off]
                            [--plugcpu <id>]
                            [--unplugcpu <id>]
                            [--cpuexecutioncap <1-100>]
                            [--rtcuseutc on|off]
                            [--monitorcount <number>]
                            [--accelerate3d on|off]
                            [--accelerate2dvideo on|off]
                            [--firmware bios|efi|efi32|efi64]
                            [--chipset ich9|piix3]
                            [--bioslogofadein on|off]
                            [--bioslogofadeout on|off]
                            [--bioslogodisplaytime <msec>]
                            [--bioslogoimagepath <imagepath>]
                            [--biosbootmenu disabled|menuonly|messageandmenu]
                            [--biossystemtimeoffset <msec>]
                            [--biospxedebug on|off]
                            [--boot<1-4> none|floppy|dvd|disk|net>]
                            [--nic<1-N> none|null|nat|bridged|intnet|hostonly|
                                        generic]
                            [--nictype<1-N> Am79C970A|Am79C973|
                                            82540EM|82543GC|82545EM|
                                            virtio]
                            [--cableconnected<1-N> on|off]
                            [--nictrace<1-N> on|off]
                            [--nictracefile<1-N> <filename>]
                            [--nicproperty<1-N> name=[value]]
                            [--nicspeed<1-N> <kbps>]
                            [--nicbootprio<1-N> <priority>]
                            [--nicpromisc<1-N> deny|allow-vms|allow-all]
                            [--nicbandwidthgroup<1-N> none|<name>]
                            [--bridgeadapter<1-N> none|<devicename>]
                            [--hostonlyadapter<1-N> none|<devicename>]
                            [--intnet<1-N> <network name>]
                            [--natnet<1-N> <network>|default]
                            [--nicgenericdrv<1-N> <driver>
                            [--natsettings<1-N> [<mtu>],[<socksnd>],
                                                [<sockrcv>],[<tcpsnd>],
                                                [<tcprcv>]]
                            [--natpf<1-N> [<rulename>],tcp|udp,[<hostip>],
                                          <hostport>,[<guestip>],<guestport>]
                            [--natpf<1-N> delete <rulename>]
                            [--nattftpprefix<1-N> <prefix>]
                            [--nattftpfile<1-N> <file>]
                            [--nattftpserver<1-N> <ip>]
                            [--natbindip<1-N> <ip>
                            [--natdnspassdomain<1-N> on|off]
                            [--natdnsproxy<1-N> on|off]
                            [--natdnshostresolver<1-N> on|off]
                            [--nataliasmode<1-N> default|[log],[proxyonly],
                                                         [sameports]]
                            [--macaddress<1-N> auto|<mac>]
                            [--mouse ps2|usb|usbtablet
                            [--keyboard ps2|usb
                            [--uart<1-N> off|<I/O base> <IRQ>]
                            [--uartmode<1-N> disconnected|
                                             server <pipe>|
                                             client <pipe>|
                                             file <file>|
                                             <devicename>]
                            [--lpt<1-N> off|<I/O base> <IRQ>]
                            [--lptmode<1-N> <devicename>]
                            [--guestmemoryballoon <balloonsize in MB>]
                            [--gueststatisticsinterval <seconds>]
                            [--audio none|null|oss|alsa|pulse]
                            [--audiocontroller ac97|hda|sb16]
                            [--clipboard disabled|hosttoguest|guesttohost|
                                         bidirectional]
                            [--draganddrop disabled|hosttoguest
                            [--vrde on|off]
                            [--vrdeextpack default|<name>
                            [--vrdeproperty <name=[value]>]
                            [--vrdeport <hostport>]
                            [--vrdeaddress <hostip>]
                            [--vrdeauthtype null|external|guest]
                            [--vrdeauthlibrary default|<name>
                            [--vrdemulticon on|off]
                            [--vrdereusecon on|off]
                            [--vrdevideochannel on|off]
                            [--vrdevideochannelquality <percent>]
                            [--usb on|off]
                            [--usbehci on|off]
                            [--snapshotfolder default|<path>]
                            [--teleporter on|off]
                            [--teleporterport <port>]
                            [--teleporteraddress <address|empty>
                            [--teleporterpassword <password>]
                            [--teleporterpasswordfile  <file>|stdin]
                            [--tracing-enabled on|off]
                            [--tracing-config <config-string>]
                            [--tracing-allow-vm-access on|off]
                            [--usbcardreader on|off]
                            [--autostart-enabled on|off]
                            [--autostart-delay <seconds>]

VBoxManage: error: Unknown option: --add
Oracle VM VirtualBox Command Line Management Interface Version 4.2.6
(C) 2005-2012 Oracle Corporation
All rights reserved.

Usage:

VBoxManage modifyvm         <uuid|name>
                            [--name <name>]
                            [--groups <group>, ...]
                            [--ostype <ostype>]
                            [--memory <memorysize in MB>]
                            [--pagefusion on|off]
                            [--vram <vramsize in MB>]
                            [--acpi on|off]
                            [--pciattach 03:04.0]
                            [--pciattach 03:04.0@02:01.0]
                            [--pcidetach 03:04.0]
                            [--ioapic on|off]
                            [--pae on|off]
                            [--hpet on|off]
                            [--hwvirtex on|off]
                            [--hwvirtexexcl on|off]
                            [--nestedpaging on|off]
                            [--largepages on|off]
                            [--vtxvpid on|off]
                            [--synthcpu on|off]
                            [--cpuidset <leaf> <eax> <ebx> <ecx> <edx>]
                            [--cpuidremove <leaf>]
                            [--cpuidremoveall]
                            [--hardwareuuid <uuid>]
                            [--cpus <number>]
                            [--cpuhotplug on|off]
                            [--plugcpu <id>]
                            [--unplugcpu <id>]
                            [--cpuexecutioncap <1-100>]
                            [--rtcuseutc on|off]
                            [--monitorcount <number>]
                            [--accelerate3d on|off]
                            [--accelerate2dvideo on|off]
                            [--firmware bios|efi|efi32|efi64]
                            [--chipset ich9|piix3]
                            [--bioslogofadein on|off]
                            [--bioslogofadeout on|off]
                            [--bioslogodisplaytime <msec>]
                            [--bioslogoimagepath <imagepath>]
                            [--biosbootmenu disabled|menuonly|messageandmenu]
                            [--biossystemtimeoffset <msec>]
                            [--biospxedebug on|off]
                            [--boot<1-4> none|floppy|dvd|disk|net>]
                            [--nic<1-N> none|null|nat|bridged|intnet|hostonly|
                                        generic]
                            [--nictype<1-N> Am79C970A|Am79C973|
                                            82540EM|82543GC|82545EM|
                                            virtio]
                            [--cableconnected<1-N> on|off]
                            [--nictrace<1-N> on|off]
                            [--nictracefile<1-N> <filename>]
                            [--nicproperty<1-N> name=[value]]
                            [--nicspeed<1-N> <kbps>]
                            [--nicbootprio<1-N> <priority>]
                            [--nicpromisc<1-N> deny|allow-vms|allow-all]
                            [--nicbandwidthgroup<1-N> none|<name>]
                            [--bridgeadapter<1-N> none|<devicename>]
                            [--hostonlyadapter<1-N> none|<devicename>]
                            [--intnet<1-N> <network name>]
                            [--natnet<1-N> <network>|default]
                            [--nicgenericdrv<1-N> <driver>
                            [--natsettings<1-N> [<mtu>],[<socksnd>],
                                                [<sockrcv>],[<tcpsnd>],
                                                [<tcprcv>]]
                            [--natpf<1-N> [<rulename>],tcp|udp,[<hostip>],
                                          <hostport>,[<guestip>],<guestport>]
                            [--natpf<1-N> delete <rulename>]
                            [--nattftpprefix<1-N> <prefix>]
                            [--nattftpfile<1-N> <file>]
                            [--nattftpserver<1-N> <ip>]
                            [--natbindip<1-N> <ip>
                            [--natdnspassdomain<1-N> on|off]
                            [--natdnsproxy<1-N> on|off]
                            [--natdnshostresolver<1-N> on|off]
                            [--nataliasmode<1-N> default|[log],[proxyonly],
                                                         [sameports]]
                            [--macaddress<1-N> auto|<mac>]
                            [--mouse ps2|usb|usbtablet
                            [--keyboard ps2|usb
                            [--uart<1-N> off|<I/O base> <IRQ>]
                            [--uartmode<1-N> disconnected|
                                             server <pipe>|
                                             client <pipe>|
                                             file <file>|
                                             <devicename>]
                            [--lpt<1-N> off|<I/O base> <IRQ>]
                            [--lptmode<1-N> <devicename>]
                            [--guestmemoryballoon <balloonsize in MB>]
                            [--gueststatisticsinterval <seconds>]
                            [--audio none|null|oss|alsa|pulse]
                            [--audiocontroller ac97|hda|sb16]
                            [--clipboard disabled|hosttoguest|guesttohost|
                                         bidirectional]
                            [--draganddrop disabled|hosttoguest
                            [--vrde on|off]
                            [--vrdeextpack default|<name>
                            [--vrdeproperty <name=[value]>]
                            [--vrdeport <hostport>]
                            [--vrdeaddress <hostip>]
                            [--vrdeauthtype null|external|guest]
                            [--vrdeauthlibrary default|<name>
                            [--vrdemulticon on|off]
                            [--vrdereusecon on|off]
                            [--vrdevideochannel on|off]
                            [--vrdevideochannelquality <percent>]
                            [--usb on|off]
                            [--usbehci on|off]
                            [--snapshotfolder default|<path>]
                            [--teleporter on|off]
                            [--teleporterport <port>]
                            [--teleporteraddress <address|empty>
                            [--teleporterpassword <password>]
                            [--teleporterpasswordfile  <file>|stdin]
                            [--tracing-enabled on|off]
                            [--tracing-config <config-string>]
                            [--tracing-allow-vm-access on|off]
                            [--usbcardreader on|off]
                            [--autostart-enabled on|off]
                            [--autostart-delay <seconds>]

VBoxManage: error: Unknown option: --storagectl
Oracle VM VirtualBox Command Line Management Interface Version 4.2.6
(C) 2005-2012 Oracle Corporation
All rights reserved.

Usage:

VBoxManage modifyvm         <uuid|name>
                            [--name <name>]
                            [--groups <group>, ...]
                            [--ostype <ostype>]
                            [--memory <memorysize in MB>]
                            [--pagefusion on|off]
                            [--vram <vramsize in MB>]
                            [--acpi on|off]
                            [--pciattach 03:04.0]
                            [--pciattach 03:04.0@02:01.0]
                            [--pcidetach 03:04.0]
                            [--ioapic on|off]
                            [--pae on|off]
                            [--hpet on|off]
                            [--hwvirtex on|off]
                            [--hwvirtexexcl on|off]
                            [--nestedpaging on|off]
                            [--largepages on|off]
                            [--vtxvpid on|off]
                            [--synthcpu on|off]
                            [--cpuidset <leaf> <eax> <ebx> <ecx> <edx>]
                            [--cpuidremove <leaf>]
                            [--cpuidremoveall]
                            [--hardwareuuid <uuid>]
                            [--cpus <number>]
                            [--cpuhotplug on|off]
                            [--plugcpu <id>]
                            [--unplugcpu <id>]
                            [--cpuexecutioncap <1-100>]
                            [--rtcuseutc on|off]
                            [--monitorcount <number>]
                            [--accelerate3d on|off]
                            [--accelerate2dvideo on|off]
                            [--firmware bios|efi|efi32|efi64]
                            [--chipset ich9|piix3]
                            [--bioslogofadein on|off]
                            [--bioslogofadeout on|off]
                            [--bioslogodisplaytime <msec>]
                            [--bioslogoimagepath <imagepath>]
                            [--biosbootmenu disabled|menuonly|messageandmenu]
                            [--biossystemtimeoffset <msec>]
                            [--biospxedebug on|off]
                            [--boot<1-4> none|floppy|dvd|disk|net>]
                            [--nic<1-N> none|null|nat|bridged|intnet|hostonly|
                                        generic]
                            [--nictype<1-N> Am79C970A|Am79C973|
                                            82540EM|82543GC|82545EM|
                                            virtio]
                            [--cableconnected<1-N> on|off]
                            [--nictrace<1-N> on|off]
                            [--nictracefile<1-N> <filename>]
                            [--nicproperty<1-N> name=[value]]
                            [--nicspeed<1-N> <kbps>]
                            [--nicbootprio<1-N> <priority>]
                            [--nicpromisc<1-N> deny|allow-vms|allow-all]
                            [--nicbandwidthgroup<1-N> none|<name>]
                            [--bridgeadapter<1-N> none|<devicename>]
                            [--hostonlyadapter<1-N> none|<devicename>]
                            [--intnet<1-N> <network name>]
                            [--natnet<1-N> <network>|default]
                            [--nicgenericdrv<1-N> <driver>
                            [--natsettings<1-N> [<mtu>],[<socksnd>],
                                                [<sockrcv>],[<tcpsnd>],
                                                [<tcprcv>]]
                            [--natpf<1-N> [<rulename>],tcp|udp,[<hostip>],
                                          <hostport>,[<guestip>],<guestport>]
                            [--natpf<1-N> delete <rulename>]
                            [--nattftpprefix<1-N> <prefix>]
                            [--nattftpfile<1-N> <file>]
                            [--nattftpserver<1-N> <ip>]
                            [--natbindip<1-N> <ip>
                            [--natdnspassdomain<1-N> on|off]
                            [--natdnsproxy<1-N> on|off]
                            [--natdnshostresolver<1-N> on|off]
                            [--nataliasmode<1-N> default|[log],[proxyonly],
                                                         [sameports]]
                            [--macaddress<1-N> auto|<mac>]
                            [--mouse ps2|usb|usbtablet
                            [--keyboard ps2|usb
                            [--uart<1-N> off|<I/O base> <IRQ>]
                            [--uartmode<1-N> disconnected|
                                             server <pipe>|
                                             client <pipe>|
                                             file <file>|
                                             <devicename>]
                            [--lpt<1-N> off|<I/O base> <IRQ>]
                            [--lptmode<1-N> <devicename>]
                            [--guestmemoryballoon <balloonsize in MB>]
                            [--gueststatisticsinterval <seconds>]
                            [--audio none|null|oss|alsa|pulse]
                            [--audiocontroller ac97|hda|sb16]
                            [--clipboard disabled|hosttoguest|guesttohost|
                                         bidirectional]
                            [--draganddrop disabled|hosttoguest
                            [--vrde on|off]
                            [--vrdeextpack default|<name>
                            [--vrdeproperty <name=[value]>]
                            [--vrdeport <hostport>]
                            [--vrdeaddress <hostip>]
                            [--vrdeauthtype null|external|guest]
                            [--vrdeauthlibrary default|<name>
                            [--vrdemulticon on|off]
                            [--vrdereusecon on|off]
                            [--vrdevideochannel on|off]
                            [--vrdevideochannelquality <percent>]
                            [--usb on|off]
                            [--usbehci on|off]
                            [--snapshotfolder default|<path>]
                            [--teleporter on|off]
                            [--teleporterport <port>]
                            [--teleporteraddress <address|empty>
                            [--teleporterpassword <password>]
                            [--teleporterpasswordfile  <file>|stdin]
                            [--tracing-enabled on|off]
                            [--tracing-config <config-string>]
                            [--tracing-allow-vm-access on|off]
                            [--usbcardreader on|off]
                            [--autostart-enabled on|off]
                            [--autostart-delay <seconds>]

VBoxManage: error: Unknown option: --storagectl
      name :: 5 sdc-320.1GB-33890.sdc
  name err :: 5
 selection :: 5 7 DIAG SystemRescueCD Data/ISO.Linux/systemrescuecd/systemrescuecd-x86-3.7.0.iso 512
select err :: 5
      path :: 
       mem :: 512
      name :: sdc-320.1GB-33890.sdc
add sdc
stdin: is not a tty

RAW host disk access VMDK file /home/localcosadmin/.VirtualBox/udev.sdc.sdc-320.1GB-33890.sdc.vmdk created successfully.
VBoxManage: error: Machine settings file '/home/localcosadmin/VirtualBox VMs/sdc-320.1GB-33890.sdc/sdc-320.1GB-33890.sdc.vbox' already exists
VBoxManage: error: Details: code VBOX_E_FILE_ERROR (0x80bb0004), component Machine, interface IMachine, callee nsISupports
VBoxManage: error: Context: "CreateMachine(bstrSettingsFile.raw(), bstrName.raw(), ComSafeArrayAsInParam(groups), bstrOsTypeId.raw(), createFlags.raw(), machine.asOutParam())" at line 263 of file VBoxManageMisc.cpp
VBoxManage: error: Permission problem accessing the file for the medium '/home/localcosadmin/.VirtualBox/udev.sdc.sdc-320.1GB-33890.sdc.vmdk' (VERR_ACCESS_DENIED)
VBoxManage: error: Details: code VBOX_E_FILE_ERROR (0x80bb0004), component Medium, interface IMedium, callee nsISupports
VBoxManage: error: Context: "OpenMedium(Bstr(pszFilenameOrUuid).raw(), enmDevType, enmAccessMode, fForceNewUuidOnOpen, pMedium.asOutParam())" at line 178 of file VBoxManageDisk.cpp
VBoxManage: error: Invalid UUID or filename "/home/localcosadmin/.VirtualBox/udev.sdc.sdc-320.1GB-33890.sdc.vmdk"
      name :: 5 sdc-320.1GB-33890.sdc
  name err :: 5
 selection :: 5 1 Task SpinRite Data/ISO.Misc/SpinRite.iso
select err :: 5
      path :: /home/localcosadmin//Data/ISO.Misc/SpinRite.iso
       mem :: 128
      name :: sdc-320.1GB-33890.sdc
add sdc
stdin: is not a tty

RAW host disk access VMDK file /home/localcosadmin/.VirtualBox/udev.sdc.sdc-320.1GB-33890.sdc.vmdk created successfully.
Virtual machine 'sdc-320.1GB-33890.sdc' is created and registered.
UUID: 116ce382-fa29-4f73-823e-6fb12e434eff
Settings file: '/home/localcosadmin/VirtualBox VMs/sdc-320.1GB-33890.sdc/sdc-320.1GB-33890.sdc.vbox'
VBoxManage: error: Permission problem accessing the file for the medium '/home/localcosadmin/.VirtualBox/udev.sdc.sdc-320.1GB-33890.sdc.vmdk' (VERR_ACCESS_DENIED)
VBoxManage: error: Details: code VBOX_E_FILE_ERROR (0x80bb0004), component Medium, interface IMedium, callee nsISupports
VBoxManage: error: Context: "OpenMedium(Bstr(pszFilenameOrUuid).raw(), enmDevType, enmAccessMode, fForceNewUuidOnOpen, pMedium.asOutParam())" at line 178 of file VBoxManageDisk.cpp
VBoxManage: error: Invalid UUID or filename "/home/localcosadmin/.VirtualBox/udev.sdc.sdc-320.1GB-33890.sdc.vmdk"
      name :: 5 sdc-320.1GB-33890.sdc
  name err :: 5
 selection :: 5 4 Diag KNOPPIX Data/ISO.Linux/KNOPPIX/KNOPPIX_V7.0.5DVD-2012-12-21-EN.iso 768
select err :: 5
      path :: /home/localcosadmin//Data/ISO.Linux/KNOPPIX/KNOPPIX_V7.0.5DVD-2012-12-21-EN.iso
       mem :: 768
      name :: sdc-320.1GB-33890.sdc
add sdc
